1616075546591	mozrunner::runner	INFO	Running command: "C:\\Program Files\\Mozilla Firefox\\firefox.exe" "-marionette" "-foreground" "-no-remote" "-profile" "C:\\Users\\Yasir\\AppData\\Local\\Temp\\rust_mozprofileV3ZDAX"
JavaScript error: resource://gre/modules/XULStore.jsm, line 66: Error: Can't find profile directory.
console.warn: SearchSettings: "get: No settings file exists, new profile?" (new Error("", "(unknown module)"))
1616075550613	Marionette	INFO	Listening on port 8005
1616075550790	Marionette	WARN	TLS certificate errors will be ignored for this session

###!!! [Child][RunMessage] Error: Channel closing: too late to send/recv, messages will be lost

1616075628371	Marionette	INFO	Stopped listening on port 8005

###!!! [Child][RunMessage] Error: Channel closing: too late to send/recv, messages will be lost

Store.jsm, line 66: Error: Can't find profile directory.
console.warn: SearchSettings: "get: No settings file exists, new profile?" (new Error("", "(unknown module)"))
1616075625384	Marionette	INFO	Listening on port 8101
1616075625810	Marionette	WARN	TLS certificate errors will be ignored for this session
1616075641100	Marionette	INFO	Stopped listening on port 8101

###!!! [Child][RunMessage] Error: Channel closing: too late to send/recv, messages will be lost

1616075854156	mozrunner::runner	INFO	Running command: "C:\\Program Files\\Mozilla Firefox\\firefox.exe" "-marionette" "-foreground" "-no-remote" "-profile" "C:\\Users\\Yasir\\AppData\\Local\\Temp\\rust_mozprofiler0YF2S"
JavaScript error: resource://gre/modules/XULStore.jsm, line 66: Error: Can't find profile directory.
console.warn: SearchSettings: "get: No settings file exists, new profile?" (new Error("", "(unknown module)"))
1616075858246	Marionette	INFO	Listening on port 8290
1616075858367	Marionette	WARN	TLS certificate errors will be ignored for this session
1616076006851	Marionette	INFO	Stopped listening on port 8290

###!!! [Child][RunMessage] Error: Channel closing: too late to send/recv, messages will be lost

ers\\Yasir\\AppData\\Local\\Temp\\rust_mozprofileO36toT"
JavaScript error: resource://gre/modules/XULStore.jsm, line 66: Error: Can't find profile directory.
console.warn: SearchSettings: "get: No settings file exists, new profile?" (new Error("", "(unknown module)"))
1616076010103	Marionette	INFO	Listening on port 8365
1616076010364	Marionette	WARN	TLS certificate errors will be ignored for this session
1616076429966	Marionette	INFO	Stopped listening on port 8365

###!!! [Child][RunMessage] Error: Channel closing: too late to send/recv, messages will be lost

ers\\Yasir\\AppData\\Local\\Temp\\rust_mozprofile65OYOO"
JavaScript error: resource://gre/modules/XULStore.jsm, line 66: Error: Can't find profile directory.
console.warn: SearchSettings: "get: No settings file exists, new profile?" (new Error("", "(unknown module)"))
1616076428313	Marionette	INFO	Listening on port 8558
1616076428379	Marionette	WARN	TLS certificate errors will be ignored for this session
1616076458995	Marionette	INFO	Stopped listening on port 8558
1616076482921	mozrunner::runner	INFO	Running command: "C:\\Program Files\\Mozilla Firefox\\firefox.exe" "-marionette" "-foreground" "-no-remote" "-profile" "C:\\Users\\Yasir\\AppData\\Local\\Temp\\rust_mozprofilefVKB3q"
JavaScript error: resource://gre/modules/XULStore.jsm, line 66: Error: Can't find profile directory.
console.warn: SearchSettings: "get: No settings file exists, new profile?" (new Error("", "(unknown module)"))
1616076486379	Marionette	INFO	Listening on port 8658
1616076486602	Marionette	WARN	TLS certificate errors will be ignored for this session
SourceActor threw an exception: [Exception... "Component returned failure code: 0x80470002 (NS_BASE_STREAM_CLOSED) [nsIInputStream.available]"  nsresult: "0x80470002 (NS_BASE_STREAM_CLOSED)"  location: "JS frame :: resource://devtools/shared/DevToolsUtils.js :: onResponse :: line 567"  data: no]
Stack: onResponse@resource://devtools/shared/DevToolsUtils.js:567:34
onStopRequest@resource://gre/modules/NetUtil.jsm:128:18
Line: 567, column: 0
console.error: ({})
JavaScript error: resource://devtools/shared/DevToolsUtils.js, line 567: NS_BASE_STREAM_CLOSED: Component returned failure code: 0x80470002 (NS_BASE_STREAM_CLOSED) [nsIInputStream.available]
[Child 13804, IPC I/O Child] WARNING: pipe error: 232: file /builds/worker/checkouts/gecko/ipc/chromium/src/chrome/common/ipc_channel_win.cc:545
[Child 13804, IPC I/O Child] WARNING: pipe error: 232: file /builds/worker/checkouts/gecko/ipc/chromium/src/chrome/common/ipc_channel_win.cc:545
1616076544276	Marionette	INFO	Stopped listening on port 8658

###!!! [Child][RunMessage] Error: Channel closing: too late to send/recv, messages will be lost

1616076592172	mozrunner::runner	INFO	Running command: "C:\\Program Files\\Mozilla Firefox\\firefox.exe" "-marionette" "-foreground" "-no-remote" "-profile" "C:\\Users\\Yasir\\AppData\\Local\\Temp\\rust_mozprofileEJj9YH"
JavaScript error: resource://gre/modules/XULStore.jsm, line 66: Error: Can't find profile directory.
console.warn: SearchSettings: "get: No settings file exists, new profile?" (new Error("", "(unknown module)"))
1616076595976	Marionette	INFO	Listening on port 8813
1616076596346	Marionette	WARN	TLS certificate errors will be ignored for this session

###!!! [Child][RunMessage] Error: Channel closing: too late to send/recv, messages will be lost

1616076636476	Marionette	INFO	Stopped listening on port 8813

###!!! [Child][RunMessage] Error: Channel closing: too late to send/recv, messages will be lost

